# JRE version: OpenJDK Runtime Environment (18.0.2.1+1) (build 18.0.2.1+1-1)
# Java VM: OpenJDK 64-Bit Server VM (18.0.2.1+1-1, mixed mode, sharing, tiered, compressed oops, compressed class ptrs, g1 gc, windows-amd64)
GC Precious Log:
 CardTable entry size: 512
 Card Set container configuration: InlinePtr #cards 4 size 8 Array Of Cards #cards 16 size 48 Howl #buckets 8 coarsen threshold 3686 Howl Bitmap #cards 512 size 80 coarsen threshold 460 Card regions per heap region 1 cards per card region 4096
 CPUs: 8 total, 8 available
 Memory: 16163M
 Large Page Support: Disabled
 NUMA Support: Disabled
 Compressed Oops: Enabled (Zero based)
 Heap Region Size: 2M
 Heap Min Capacity: 8M
 Heap Initial Capacity: 254M
 Heap Max Capacity: 4042M
 Pre-touch: Disabled
 Parallel Workers: 8
 Concurrent Workers: 2
 Concurrent Refinement Workers: 8
 Periodic GC: Disabled
Heap:
 garbage-first heap   total 96256K, used 66237K [0x0000000703600000, 0x0000000800000000)
  region size 2048K, 17 young (34816K), 3 survivors (6144K)
 Metaspace       used 77868K, committed 78656K, reserved 1179648K
  class space    used 10440K, committed 10816K, reserved 1048576K
GC Heap History (20 events):
Event: 5.457 GC heap before
{Heap before GC invocations=8 (full 0):
 garbage-first heap   total 69632K, used 45951K [0x0000000703600000, 0x0000000800000000)
  region size 2048K, 14 young (28672K), 2 survivors (4096K)
 Metaspace       used 30534K, committed 30784K, reserved 1114112K
  class space    used 3901K, committed 4032K, reserved 1048576K
}
Event: 5.464 GC heap after
{Heap after GC invocations=9 (full 0):
 garbage-first heap   total 69632K, used 22941K [0x0000000703600000, 0x0000000800000000)
  region size 2048K, 2 young (4096K), 2 survivors (4096K)
 Metaspace       used 30534K, committed 30784K, reserved 1114112K
  class space    used 3901K, committed 4032K, reserved 1048576K
}
Event: 6.452 GC heap before
{Heap before GC invocations=9 (full 0):
 garbage-first heap   total 69632K, used 49565K [0x0000000703600000, 0x0000000800000000)
  region size 2048K, 15 young (30720K), 2 survivors (4096K)
 Metaspace       used 34335K, committed 34752K, reserved 1114112K
  class space    used 4531K, committed 4736K, reserved 1048576K
}
Event: 6.464 GC heap after
{Heap after GC invocations=10 (full 0):
 garbage-first heap   total 69632K, used 24554K [0x0000000703600000, 0x0000000800000000)
  region size 2048K, 2 young (4096K), 2 survivors (4096K)
 Metaspace       used 34335K, committed 34752K, reserved 1114112K
  class space    used 4531K, committed 4736K, reserved 1048576K
}
Event: 6.873 GC heap before
{Heap before GC invocations=10 (full 0):
 garbage-first heap   total 69632K, used 34794K [0x0000000703600000, 0x0000000800000000)
  region size 2048K, 8 young (16384K), 2 survivors (4096K)
 Metaspace       used 35659K, committed 36096K, reserved 1114112K
  class space    used 4714K, committed 4928K, reserved 1048576K
}
Event: 6.885 GC heap after
{Heap after GC invocations=11 (full 0):
 garbage-first heap   total 114688K, used 25884K [0x0000000703600000, 0x0000000800000000)
  region size 2048K, 2 young (4096K), 2 survivors (4096K)
 Metaspace       used 35659K, committed 36096K, reserved 1114112K
  class space    used 4714K, committed 4928K, reserved 1048576K
}
Event: 9.926 GC heap before
{Heap before GC invocations=12 (full 0):
 garbage-first heap   total 96256K, used 77084K [0x0000000703600000, 0x0000000800000000)
  region size 2048K, 28 young (57344K), 2 survivors (4096K)
 Metaspace       used 47672K, committed 48128K, reserved 1114112K
  class space    used 6105K, committed 6336K, reserved 1048576K
}
Event: 9.943 GC heap after
{Heap after GC invocations=13 (full 0):
 garbage-first heap   total 96256K, used 29382K [0x0000000703600000, 0x0000000800000000)
  region size 2048K, 4 young (8192K), 4 survivors (8192K)
 Metaspace       used 47672K, committed 48128K, reserved 1114112K
  class space    used 6105K, committed 6336K, reserved 1048576K
}
Event: 11.264 GC heap before
{Heap before GC invocations=13 (full 0):
 garbage-first heap   total 96256K, used 70342K [0x0000000703600000, 0x0000000800000000)
  region size 2048K, 24 young (49152K), 4 survivors (8192K)
 Metaspace       used 54795K, committed 55232K, reserved 1114112K
  class space    used 7171K, committed 7360K, reserved 1048576K
}
Event: 11.278 GC heap after
{Heap after GC invocations=14 (full 0):
 garbage-first heap   total 96256K, used 31124K [0x0000000703600000, 0x0000000800000000)
  region size 2048K, 1 young (2048K), 1 survivors (2048K)
 Metaspace       used 54795K, committed 55232K, reserved 1114112K
  class space    used 7171K, committed 7360K, reserved 1048576K
}
Event: 11.940 GC heap before
{Heap before GC invocations=14 (full 0):
 garbage-first heap   total 96256K, used 51604K [0x0000000703600000, 0x0000000800000000)
  region size 2048K, 13 young (26624K), 1 survivors (2048K)
 Metaspace       used 59806K, committed 60288K, reserved 1114112K
  class space    used 7768K, committed 8000K, reserved 1048576K
}
Event: 11.947 GC heap after
{Heap after GC invocations=15 (full 0):
 garbage-first heap   total 96256K, used 31892K [0x0000000703600000, 0x0000000800000000)
  region size 2048K, 2 young (4096K), 2 survivors (4096K)
 Metaspace       used 59806K, committed 60288K, reserved 1114112K
  class space    used 7768K, committed 8000K, reserved 1048576K
}
Event: 13.526 GC heap before
{Heap before GC invocations=16 (full 0):
 garbage-first heap   total 96256K, used 68756K [0x0000000703600000, 0x0000000800000000)
  region size 2048K, 21 young (43008K), 2 survivors (4096K)
 Metaspace       used 67117K, committed 67648K, reserved 1114112K
  class space    used 9042K, committed 9280K, reserved 1048576K
}
Event: 13.539 GC heap after
{Heap after GC invocations=17 (full 0):
 garbage-first heap   total 96256K, used 33678K [0x0000000703600000, 0x0000000800000000)
  region size 2048K, 3 young (6144K), 3 survivors (6144K)
 Metaspace       used 67117K, committed 67648K, reserved 1114112K
  class space    used 9042K, committed 9280K, reserved 1048576K
}
Event: 15.624 GC heap before
{Heap before GC invocations=17 (full 0):
 garbage-first heap   total 96256K, used 72590K [0x0000000703600000, 0x0000000800000000)
  region size 2048K, 22 young (45056K), 3 survivors (6144K)
 Metaspace       used 71718K, committed 72320K, reserved 1114112K
  class space    used 9632K, committed 9920K, reserved 1048576K
}
Event: 15.641 GC heap after
{Heap after GC invocations=18 (full 0):
 garbage-first heap   total 96256K, used 35878K [0x0000000703600000, 0x0000000800000000)
  region size 2048K, 3 young (6144K), 3 survivors (6144K)
 Metaspace       used 71718K, committed 72320K, reserved 1114112K
  class space    used 9632K, committed 9920K, reserved 1048576K
}
Event: 16.774 GC heap before
{Heap before GC invocations=18 (full 0):
 garbage-first heap   total 96256K, used 74790K [0x0000000703600000, 0x0000000800000000)
  region size 2048K, 22 young (45056K), 3 survivors (6144K)
 Metaspace       used 74397K, committed 75008K, reserved 1179648K
  class space    used 9951K, committed 10240K, reserved 1048576K
}
Event: 16.796 GC heap after
{Heap after GC invocations=19 (full 0):
 garbage-first heap   total 96256K, used 38722K [0x0000000703600000, 0x0000000800000000)
  region size 2048K, 3 young (6144K), 3 survivors (6144K)
 Metaspace       used 74397K, committed 75008K, reserved 1179648K
  class space    used 9951K, committed 10240K, reserved 1048576K
}
Event: 17.835 GC heap before
{Heap before GC invocations=19 (full 0):
 garbage-first heap   total 96256K, used 73538K [0x0000000703600000, 0x0000000800000000)
  region size 2048K, 20 young (40960K), 3 survivors (6144K)
 Metaspace       used 76790K, committed 77504K, reserved 1179648K
  class space    used 10262K, committed 10624K, reserved 1048576K
}
Event: 17.857 GC heap after
{Heap after GC invocations=20 (full 0):
 garbage-first heap   total 96256K, used 41661K [0x0000000703600000, 0x0000000800000000)
  region size 2048K, 3 young (6144K), 3 survivors (6144K)
 Metaspace       used 76790K, committed 77504K, reserved 1179648K
  class space    used 10262K, committed 10624K, reserved 1048576K
}

